  main.cpp
C:\Users\User\Desktop\GitHub\comp371-quiz\Assignment-1\Assignment 1\main.cpp(503,22): warning C4244: 'initializing': conversion from 'double' to 'float', possible loss of data
C:\Users\User\Desktop\GitHub\comp371-quiz\Assignment-1\Assignment 1\main.cpp(566,29): warning C4244: '=': conversion from 'double' to 'float', possible loss of data
C:\Users\User\Desktop\GitHub\comp371-quiz\Assignment-1\Assignment 1\main.cpp(1243,63): warning C4244: '-=': conversion from 'double' to 'float', possible loss of data
C:\Users\User\Desktop\GitHub\comp371-quiz\Assignment-1\Assignment 1\main.cpp(1244,61): warning C4244: '-=': conversion from 'double' to 'float', possible loss of data
C:\Users\User\Desktop\GitHub\comp371-quiz\Assignment-1\Assignment 1\main.cpp(1511,15): warning C4244: '=': conversion from 'double' to 'float', possible loss of data
C:\Users\User\Desktop\GitHub\comp371-quiz\Assignment-1\Assignment 1\main.cpp(1525,15): warning C4244: '=': conversion from 'double' to 'float', possible loss of data
glfw3.lib(context.obj) : warning LNK4099: PDB 'glfw.pdb' was not found with 'glfw3.lib(context.obj)' or at 'C:\Users\User\Desktop\GitHub\comp371-quiz\Assignment-1\x64\Debug\glfw.pdb'; linking object as if no debug info
glfw3.lib(init.obj) : warning LNK4099: PDB 'glfw.pdb' was not found with 'glfw3.lib(init.obj)' or at 'C:\Users\User\Desktop\GitHub\comp371-quiz\Assignment-1\x64\Debug\glfw.pdb'; linking object as if no debug info
glfw3.lib(input.obj) : warning LNK4099: PDB 'glfw.pdb' was not found with 'glfw3.lib(input.obj)' or at 'C:\Users\User\Desktop\GitHub\comp371-quiz\Assignment-1\x64\Debug\glfw.pdb'; linking object as if no debug info
glfw3.lib(monitor.obj) : warning LNK4099: PDB 'glfw.pdb' was not found with 'glfw3.lib(monitor.obj)' or at 'C:\Users\User\Desktop\GitHub\comp371-quiz\Assignment-1\x64\Debug\glfw.pdb'; linking object as if no debug info
glfw3.lib(vulkan.obj) : warning LNK4099: PDB 'glfw.pdb' was not found with 'glfw3.lib(vulkan.obj)' or at 'C:\Users\User\Desktop\GitHub\comp371-quiz\Assignment-1\x64\Debug\glfw.pdb'; linking object as if no debug info
glfw3.lib(window.obj) : warning LNK4099: PDB 'glfw.pdb' was not found with 'glfw3.lib(window.obj)' or at 'C:\Users\User\Desktop\GitHub\comp371-quiz\Assignment-1\x64\Debug\glfw.pdb'; linking object as if no debug info
glfw3.lib(win32_init.obj) : warning LNK4099: PDB 'glfw.pdb' was not found with 'glfw3.lib(win32_init.obj)' or at 'C:\Users\User\Desktop\GitHub\comp371-quiz\Assignment-1\x64\Debug\glfw.pdb'; linking object as if no debug info
glfw3.lib(win32_joystick.obj) : warning LNK4099: PDB 'glfw.pdb' was not found with 'glfw3.lib(win32_joystick.obj)' or at 'C:\Users\User\Desktop\GitHub\comp371-quiz\Assignment-1\x64\Debug\glfw.pdb'; linking object as if no debug info
glfw3.lib(win32_monitor.obj) : warning LNK4099: PDB 'glfw.pdb' was not found with 'glfw3.lib(win32_monitor.obj)' or at 'C:\Users\User\Desktop\GitHub\comp371-quiz\Assignment-1\x64\Debug\glfw.pdb'; linking object as if no debug info
glfw3.lib(win32_time.obj) : warning LNK4099: PDB 'glfw.pdb' was not found with 'glfw3.lib(win32_time.obj)' or at 'C:\Users\User\Desktop\GitHub\comp371-quiz\Assignment-1\x64\Debug\glfw.pdb'; linking object as if no debug info
glfw3.lib(win32_thread.obj) : warning LNK4099: PDB 'glfw.pdb' was not found with 'glfw3.lib(win32_thread.obj)' or at 'C:\Users\User\Desktop\GitHub\comp371-quiz\Assignment-1\x64\Debug\glfw.pdb'; linking object as if no debug info
glfw3.lib(win32_window.obj) : warning LNK4099: PDB 'glfw.pdb' was not found with 'glfw3.lib(win32_window.obj)' or at 'C:\Users\User\Desktop\GitHub\comp371-quiz\Assignment-1\x64\Debug\glfw.pdb'; linking object as if no debug info
glfw3.lib(wgl_context.obj) : warning LNK4099: PDB 'glfw.pdb' was not found with 'glfw3.lib(wgl_context.obj)' or at 'C:\Users\User\Desktop\GitHub\comp371-quiz\Assignment-1\x64\Debug\glfw.pdb'; linking object as if no debug info
glfw3.lib(egl_context.obj) : warning LNK4099: PDB 'glfw.pdb' was not found with 'glfw3.lib(egl_context.obj)' or at 'C:\Users\User\Desktop\GitHub\comp371-quiz\Assignment-1\x64\Debug\glfw.pdb'; linking object as if no debug info
glfw3.lib(osmesa_context.obj) : warning LNK4099: PDB 'glfw.pdb' was not found with 'glfw3.lib(osmesa_context.obj)' or at 'C:\Users\User\Desktop\GitHub\comp371-quiz\Assignment-1\x64\Debug\glfw.pdb'; linking object as if no debug info
  Assignment 1.vcxproj -> C:\Users\User\Desktop\GitHub\comp371-quiz\Assignment-1\x64\Debug\Assignment 1.exe
